빌드 시작: 2019-09-24 오후 6:00:30
     1>2 노드의 "C:\Users\hays3\OneDrive\Documents\Visual Studio 2013\Projects\AL_Problem5\AL_Problem5\AL_Problem5.vcxproj" 프로젝트(Build 대상)입니다.
     1>ClCompile:
         C:\Program Files (x86)\Microsoft Visual Studio 12.0\VC\bin\CL.exe /c /ZI /nologo /W3 /WX- /Od /Oy- /D WIN32 /D _DEBUG /D _CONSOLE /D _LIB /D _UNICODE /D UNICODE /Gm /EHsc /RTC1 /MDd /GS /fp:precise /Zc:wchar_t /Zc:forScope /Fo"Debug\\" /Fd"Debug\vc120.pdb" /Gd /TP /analyze- /errorReport:prompt "HW2_201534103_하성혁.cpp"
         HW2_201534103_하성혁.cpp
     1>c:\users\hays3\onedrive\documents\visual studio 2013\projects\al_problem5\al_problem5\hw2_201534103_하성혁.cpp(13): warning C4996: 'fopen': This function or variable may be unsafe. Consider using fopen_s instead. To disable deprecation, use _CRT_SECURE_NO_WARNINGS. See online help for details.
                 c:\program files (x86)\microsoft visual studio 12.0\vc\include\stdio.h(211) : 'fopen' 선언을 참조하십시오.
     1>c:\users\hays3\onedrive\documents\visual studio 2013\projects\al_problem5\al_problem5\hw2_201534103_하성혁.cpp(37): warning C4996: 'strcpy': This function or variable may be unsafe. Consider using strcpy_s instead. To disable deprecation, use _CRT_SECURE_NO_WARNINGS. See online help for details.
                 c:\program files (x86)\microsoft visual studio 12.0\vc\include\string.h(112) : 'strcpy' 선언을 참조하십시오.
     1>c:\users\hays3\onedrive\documents\visual studio 2013\projects\al_problem5\al_problem5\hw2_201534103_하성혁.cpp(28): warning C4101: 'str2' :참조되지 않은 지역 변수입니다.
     1>c:\users\hays3\onedrive\documents\visual studio 2013\projects\al_problem5\al_problem5\hw2_201534103_하성혁.cpp(66): warning C4018: '<' : signed 또는 unsigned가 일치하지 않습니다.
     1>c:\users\hays3\onedrive\documents\visual studio 2013\projects\al_problem5\al_problem5\hw2_201534103_하성혁.cpp(79): warning C4018: '<' : signed 또는 unsigned가 일치하지 않습니다.
     1>c:\users\hays3\onedrive\documents\visual studio 2013\projects\al_problem5\al_problem5\hw2_201534103_하성혁.cpp(87): warning C4018: '<' : signed 또는 unsigned가 일치하지 않습니다.
     1>c:\users\hays3\onedrive\documents\visual studio 2013\projects\al_problem5\al_problem5\hw2_201534103_하성혁.cpp(92): warning C4018: '<' : signed 또는 unsigned가 일치하지 않습니다.
       Link:
         C:\Program Files (x86)\Microsoft Visual Studio 12.0\VC\bin\link.exe /ERRORREPORT:PROMPT /OUT:"C:\Users\hays3\OneDrive\Documents\Visual Studio 2013\Projects\AL_Problem5\Debug\AL_Problem5.exe" /INCREMENTAL /NOLOGO kernel32.lib user32.lib gdi32.lib winspool.lib comdlg32.lib advapi32.lib shell32.lib ole32.lib oleaut32.lib uuid.lib odbc32.lib odbccp32.lib /MANIFEST /MANIFESTUAC:"level='asInvoker' uiAccess='false'" /manifest:embed /DEBUG /PDB:"C:\Users\hays3\OneDrive\Documents\Visual Studio 2013\Projects\AL_Problem5\Debug\AL_Problem5.pdb" /SUBSYSTEM:CONSOLE /TLBID:1 /DYNAMICBASE /NXCOMPAT /IMPLIB:"C:\Users\hays3\OneDrive\Documents\Visual Studio 2013\Projects\AL_Problem5\Debug\AL_Problem5.lib" /MACHINE:X86 "Debug\HW2_201534103_하성혁.obj"
         AL_Problem5.vcxproj -> C:\Users\hays3\OneDrive\Documents\Visual Studio 2013\Projects\AL_Problem5\Debug\AL_Problem5.exe
     1>"C:\Users\hays3\OneDrive\Documents\Visual Studio 2013\Projects\AL_Problem5\AL_Problem5\AL_Problem5.vcxproj" 프로젝트를 빌드했습니다(Build 대상).

빌드했습니다.

경과 시간: 00:00:00.61
