빌드 시작: 2019-10-23 오후 2:41:55
     1>2 노드의 "C:\Users\hays3\OneDrive\Documents\Visual Studio 2013\Projects\Al_lab2\Al_lab2\Al_lab2.vcxproj" 프로젝트(Build 대상)입니다.
     1>ClCompile:
         C:\Program Files (x86)\Microsoft Visual Studio 12.0\VC\bin\CL.exe /c /ZI /nologo /W3 /WX- /Od /Oy- /D WIN32 /D _DEBUG /D _CONSOLE /D _LIB /D _UNICODE /D UNICODE /Gm /EHsc /RTC1 /MDd /GS /fp:precise /Zc:wchar_t /Zc:forScope /Fo"Debug\\" /Fd"Debug\vc120.pdb" /Gd /TP /analyze- /errorReport:prompt "lab2_하성혁.cpp"
         lab2_하성혁.cpp
     1>c:\users\hays3\onedrive\documents\visual studio 2013\projects\al_lab2\al_lab2\lab2_하성혁.cpp(16): warning C4996: 'fopen': This function or variable may be unsafe. Consider using fopen_s instead. To disable deprecation, use _CRT_SECURE_NO_WARNINGS. See online help for details.
                 c:\program files (x86)\microsoft visual studio 12.0\vc\include\stdio.h(211) : 'fopen' 선언을 참조하십시오.
     1>c:\users\hays3\onedrive\documents\visual studio 2013\projects\al_lab2\al_lab2\lab2_하성혁.cpp(24): warning C4996: 'fscanf': This function or variable may be unsafe. Consider using fscanf_s instead. To disable deprecation, use _CRT_SECURE_NO_WARNINGS. See online help for details.
                 c:\program files (x86)\microsoft visual studio 12.0\vc\include\stdio.h(230) : 'fscanf' 선언을 참조하십시오.
     1>c:\users\hays3\onedrive\documents\visual studio 2013\projects\al_lab2\al_lab2\lab2_하성혁.cpp(33): warning C4996: 'fscanf': This function or variable may be unsafe. Consider using fscanf_s instead. To disable deprecation, use _CRT_SECURE_NO_WARNINGS. See online help for details.
                 c:\program files (x86)\microsoft visual studio 12.0\vc\include\stdio.h(230) : 'fscanf' 선언을 참조하십시오.
     1>c:\users\hays3\onedrive\documents\visual studio 2013\projects\al_lab2\al_lab2\lab2_하성혁.cpp(37): warning C4996: 'fscanf': This function or variable may be unsafe. Consider using fscanf_s instead. To disable deprecation, use _CRT_SECURE_NO_WARNINGS. See online help for details.
                 c:\program files (x86)\microsoft visual studio 12.0\vc\include\stdio.h(230) : 'fscanf' 선언을 참조하십시오.
     1>c:\users\hays3\onedrive\documents\visual studio 2013\projects\al_lab2\al_lab2\lab2_하성혁.cpp(52): warning C4996: 'fscanf': This function or variable may be unsafe. Consider using fscanf_s instead. To disable deprecation, use _CRT_SECURE_NO_WARNINGS. See online help for details.
                 c:\program files (x86)\microsoft visual studio 12.0\vc\include\stdio.h(230) : 'fscanf' 선언을 참조하십시오.
     1>c:\users\hays3\onedrive\documents\visual studio 2013\projects\al_lab2\al_lab2\lab2_하성혁.cpp(58): warning C4996: 'fscanf': This function or variable may be unsafe. Consider using fscanf_s instead. To disable deprecation, use _CRT_SECURE_NO_WARNINGS. See online help for details.
                 c:\program files (x86)\microsoft visual studio 12.0\vc\include\stdio.h(230) : 'fscanf' 선언을 참조하십시오.
     1>c:\users\hays3\onedrive\documents\visual studio 2013\projects\al_lab2\al_lab2\lab2_하성혁.cpp(61): warning C4996: 'fscanf': This function or variable may be unsafe. Consider using fscanf_s instead. To disable deprecation, use _CRT_SECURE_NO_WARNINGS. See online help for details.
                 c:\program files (x86)\microsoft visual studio 12.0\vc\include\stdio.h(230) : 'fscanf' 선언을 참조하십시오.
     1>c:\users\hays3\onedrive\documents\visual studio 2013\projects\al_lab2\al_lab2\lab2_하성혁.cpp(31): warning C4101: 'city_name' :참조되지 않은 지역 변수입니다.
       Link:
         C:\Program Files (x86)\Microsoft Visual Studio 12.0\VC\bin\link.exe /ERRORREPORT:PROMPT /OUT:"C:\Users\hays3\OneDrive\Documents\Visual Studio 2013\Projects\Al_lab2\Debug\Al_lab2.exe" /INCREMENTAL /NOLOGO kernel32.lib user32.lib gdi32.lib winspool.lib comdlg32.lib advapi32.lib shell32.lib ole32.lib oleaut32.lib uuid.lib odbc32.lib odbccp32.lib /MANIFEST /MANIFESTUAC:"level='asInvoker' uiAccess='false'" /manifest:embed /DEBUG /PDB:"C:\Users\hays3\OneDrive\Documents\Visual Studio 2013\Projects\Al_lab2\Debug\Al_lab2.pdb" /SUBSYSTEM:CONSOLE /TLBID:1 /DYNAMICBASE /NXCOMPAT /IMPLIB:"C:\Users\hays3\OneDrive\Documents\Visual Studio 2013\Projects\Al_lab2\Debug\Al_lab2.lib" /MACHINE:X86 "Debug\lab2_하성혁.obj"
         Al_lab2.vcxproj -> C:\Users\hays3\OneDrive\Documents\Visual Studio 2013\Projects\Al_lab2\Debug\Al_lab2.exe
     1>"C:\Users\hays3\OneDrive\Documents\Visual Studio 2013\Projects\Al_lab2\Al_lab2\Al_lab2.vcxproj" 프로젝트를 빌드했습니다(Build 대상).

빌드했습니다.

경과 시간: 00:00:00.84
